EDA Netlist Writer report for hdlogo_v1_0_0
Fri Jun 28 18:31:37 2013
Quartus II Version 9.1 Build 222 10/21/2009 SJ Full Version


---------------------
; Table of Contents ;
---------------------
  1. Legal Notice
  2. EDA Netlist Writer Summary
  3. Simulation Settings
  4. Simulation Generated Files
  5. EDA Netlist Writer Messages



----------------
; Legal Notice ;
----------------
Copyright (C) 1991-2009 Altera Corporation
Your use of Altera Corporation's design tools, logic functions 
and other software and tools, and its AMPP partner logic 
functions, and any output files from any of the foregoing 
(including device programming or simulation files), and any 
associated documentation or information are expressly subject 
to the terms and conditions of the Altera Program License 
Subscription Agreement, Altera MegaCore Function License 
Agreement, or other applicable license agreement, including, 
without limitation, that your use is for the sole purpose of 
programming logic devices manufactured by Altera and sold by 
Altera or its authorized distributors.  Please refer to the 
applicable agreement for further details.



+-------------------------------------------------------------------+
; EDA Netlist Writer Summary                                        ;
+---------------------------+---------------------------------------+
; EDA Netlist Writer Status ; Successful - Fri Jun 28 18:31:37 2013 ;
; Revision Name             ; hdlogo_v1_0_0                         ;
; Top-level Entity Name     ; Top_HD_LogoInsert                     ;
; Family                    ; Cyclone III                           ;
; Simulation Files Creation ; Successful                            ;
+---------------------------+---------------------------------------+


+-------------------------------------------------------------------------------------------------------------------------------+
; Simulation Settings                                                                                                           ;
+---------------------------------------------------------------------------------------------------+---------------------------+
; Option                                                                                            ; Setting                   ;
+---------------------------------------------------------------------------------------------------+---------------------------+
; Tool Name                                                                                         ; ModelSim-Altera (Verilog) ;
; Generate netlist for functional simulation only                                                   ; Off                       ;
; Time scale                                                                                        ; 1 ps                      ;
; Truncate long hierarchy paths                                                                     ; Off                       ;
; Map illegal HDL characters                                                                        ; Off                       ;
; Flatten buses into individual nodes                                                               ; Off                       ;
; Maintain hierarchy                                                                                ; Off                       ;
; Bring out device-wide set/reset signals as ports                                                  ; Off                       ;
; Enable glitch filtering                                                                           ; Off                       ;
; Do not write top level VHDL entity                                                                ; Off                       ;
; Disable detection of setup and hold time violations in the input registers of bi-directional pins ; Off                       ;
; Architecture name in VHDL output netlist                                                          ; structure                 ;
; Generate third-party EDA tool command script for RTL functional simulation                        ; Off                       ;
; Generate third-party EDA tool command script for gate-level simulation                            ; Off                       ;
+---------------------------------------------------------------------------------------------------+---------------------------+


+-----------------------------------------------------------------------------------------------------------------------+
; Simulation Generated Files                                                                                            ;
+-----------------------------------------------------------------------------------------------------------------------+
; Generated Files                                                                                                       ;
+-----------------------------------------------------------------------------------------------------------------------+
; E:/HD VIETNAM/HDLogoInsert/Altera/Source/Top_HD_LogoInsert/simulation/modelsim/hdlogo_v1_0_0_7_1200mv_85c_slow.vo     ;
; E:/HD VIETNAM/HDLogoInsert/Altera/Source/Top_HD_LogoInsert/simulation/modelsim/hdlogo_v1_0_0_7_1200mv_0c_slow.vo      ;
; E:/HD VIETNAM/HDLogoInsert/Altera/Source/Top_HD_LogoInsert/simulation/modelsim/hdlogo_v1_0_0_min_1200mv_0c_fast.vo    ;
; E:/HD VIETNAM/HDLogoInsert/Altera/Source/Top_HD_LogoInsert/simulation/modelsim/hdlogo_v1_0_0.vo                       ;
; E:/HD VIETNAM/HDLogoInsert/Altera/Source/Top_HD_LogoInsert/simulation/modelsim/hdlogo_v1_0_0_7_1200mv_85c_v_slow.sdo  ;
; E:/HD VIETNAM/HDLogoInsert/Altera/Source/Top_HD_LogoInsert/simulation/modelsim/hdlogo_v1_0_0_7_1200mv_0c_v_slow.sdo   ;
; E:/HD VIETNAM/HDLogoInsert/Altera/Source/Top_HD_LogoInsert/simulation/modelsim/hdlogo_v1_0_0_min_1200mv_0c_v_fast.sdo ;
; E:/HD VIETNAM/HDLogoInsert/Altera/Source/Top_HD_LogoInsert/simulation/modelsim/hdlogo_v1_0_0_v.sdo                    ;
+-----------------------------------------------------------------------------------------------------------------------+


+-----------------------------+
; EDA Netlist Writer Messages ;
+-----------------------------+
Info: *******************************************************************
Info: Running Quartus II EDA Netlist Writer
    Info: Version 9.1 Build 222 10/21/2009 SJ Full Version
    Info: Processing started: Fri Jun 28 18:31:06 2013
Info: Command: quartus_eda --read_settings_files=off --write_settings_files=off Top_HD_LogoInsert -c hdlogo_v1_0_0
Info: Generated simulation netlist will be non-hierarchical because the design has SignalTap II partitions, termination control logic and/or a design partition that contains bidirectional ports
Info: Generated file hdlogo_v1_0_0_7_1200mv_85c_slow.vo in folder "E:/HD VIETNAM/HDLogoInsert/Altera/Source/Top_HD_LogoInsert/simulation/modelsim/" for EDA simulation tool
Info: Generated file hdlogo_v1_0_0_7_1200mv_0c_slow.vo in folder "E:/HD VIETNAM/HDLogoInsert/Altera/Source/Top_HD_LogoInsert/simulation/modelsim/" for EDA simulation tool
Info: Generated file hdlogo_v1_0_0_min_1200mv_0c_fast.vo in folder "E:/HD VIETNAM/HDLogoInsert/Altera/Source/Top_HD_LogoInsert/simulation/modelsim/" for EDA simulation tool
Info: Generated file hdlogo_v1_0_0.vo in folder "E:/HD VIETNAM/HDLogoInsert/Altera/Source/Top_HD_LogoInsert/simulation/modelsim/" for EDA simulation tool
Warning: Double data rate (DDR) timing delays reported by third party timing simulation are preliminary. Run the TimeQuest Timing Analyzer for analyzing delays on paths through the DDR.
Info: Generated file hdlogo_v1_0_0_7_1200mv_85c_v_slow.sdo in folder "E:/HD VIETNAM/HDLogoInsert/Altera/Source/Top_HD_LogoInsert/simulation/modelsim/" for EDA simulation tool
Warning: Double data rate (DDR) timing delays reported by third party timing simulation are preliminary. Run the TimeQuest Timing Analyzer for analyzing delays on paths through the DDR.
Info: Generated file hdlogo_v1_0_0_7_1200mv_0c_v_slow.sdo in folder "E:/HD VIETNAM/HDLogoInsert/Altera/Source/Top_HD_LogoInsert/simulation/modelsim/" for EDA simulation tool
Warning: Double data rate (DDR) timing delays reported by third party timing simulation are preliminary. Run the TimeQuest Timing Analyzer for analyzing delays on paths through the DDR.
Info: Generated file hdlogo_v1_0_0_min_1200mv_0c_v_fast.sdo in folder "E:/HD VIETNAM/HDLogoInsert/Altera/Source/Top_HD_LogoInsert/simulation/modelsim/" for EDA simulation tool
Warning: Double data rate (DDR) timing delays reported by third party timing simulation are preliminary. Run the TimeQuest Timing Analyzer for analyzing delays on paths through the DDR.
Info: Generated file hdlogo_v1_0_0_v.sdo in folder "E:/HD VIETNAM/HDLogoInsert/Altera/Source/Top_HD_LogoInsert/simulation/modelsim/" for EDA simulation tool
Info: Quartus II EDA Netlist Writer was successful. 0 errors, 4 warnings
    Info: Peak virtual memory: 320 megabytes
    Info: Processing ended: Fri Jun 28 18:31:37 2013
    Info: Elapsed time: 00:00:31
    Info: Total CPU time (on all processors): 00:00:31


