EDA Netlist Writer report for Top_HD_LogoInsert
Thu May 16 11:48:49 2013
Quartus II Version 9.1 Build 222 10/21/2009 SJ Full Version


---------------------
; Table of Contents ;
---------------------
  1. Legal Notice
  2. EDA Netlist Writer Summary
  3. Simulation Settings
  4. Simulation Generated Files
  5. EDA Netlist Writer Messages



----------------
; Legal Notice ;
----------------
Copyright (C) 1991-2009 Altera Corporation
Your use of Altera Corporation's design tools, logic functions 
and other software and tools, and its AMPP partner logic 
functions, and any output files from any of the foregoing 
(including device programming or simulation files), and any 
associated documentation or information are expressly subject 
to the terms and conditions of the Altera Program License 
Subscription Agreement, Altera MegaCore Function License 
Agreement, or other applicable license agreement, including, 
without limitation, that your use is for the sole purpose of 
programming logic devices manufactured by Altera and sold by 
Altera or its authorized distributors.  Please refer to the 
applicable agreement for further details.



+-------------------------------------------------------------------+
; EDA Netlist Writer Summary                                        ;
+---------------------------+---------------------------------------+
; EDA Netlist Writer Status ; Successful - Thu May 16 11:48:49 2013 ;
; Revision Name             ; Top_HD_LogoInsert                     ;
; Top-level Entity Name     ; Top_HD_LogoInsert                     ;
; Family                    ; Cyclone III                           ;
; Simulation Files Creation ; Successful                            ;
+---------------------------+---------------------------------------+


+-------------------------------------------------------------------------------------------------------------------------------+
; Simulation Settings                                                                                                           ;
+---------------------------------------------------------------------------------------------------+---------------------------+
; Option                                                                                            ; Setting                   ;
+---------------------------------------------------------------------------------------------------+---------------------------+
; Tool Name                                                                                         ; ModelSim-Altera (Verilog) ;
; Generate netlist for functional simulation only                                                   ; Off                       ;
; Time scale                                                                                        ; 1 ps                      ;
; Truncate long hierarchy paths                                                                     ; Off                       ;
; Map illegal HDL characters                                                                        ; Off                       ;
; Flatten buses into individual nodes                                                               ; Off                       ;
; Maintain hierarchy                                                                                ; Off                       ;
; Bring out device-wide set/reset signals as ports                                                  ; Off                       ;
; Enable glitch filtering                                                                           ; Off                       ;
; Do not write top level VHDL entity                                                                ; Off                       ;
; Disable detection of setup and hold time violations in the input registers of bi-directional pins ; Off                       ;
; Architecture name in VHDL output netlist                                                          ; structure                 ;
; Generate third-party EDA tool command script for RTL functional simulation                        ; Off                       ;
; Generate third-party EDA tool command script for gate-level simulation                            ; Off                       ;
+---------------------------------------------------------------------------------------------------+---------------------------+


+--------------------------------------------------------------------------------------------------+
; Simulation Generated Files                                                                       ;
+--------------------------------------------------------------------------------------------------+
; Generated Files                                                                                  ;
+--------------------------------------------------------------------------------------------------+
; C:/learning/ALC/Top_HD_LogoInsert/simulation/modelsim/Top_HD_LogoInsert_7_1200mv_85c_slow.vo     ;
; C:/learning/ALC/Top_HD_LogoInsert/simulation/modelsim/Top_HD_LogoInsert_7_1200mv_0c_slow.vo      ;
; C:/learning/ALC/Top_HD_LogoInsert/simulation/modelsim/Top_HD_LogoInsert_min_1200mv_0c_fast.vo    ;
; C:/learning/ALC/Top_HD_LogoInsert/simulation/modelsim/Top_HD_LogoInsert.vo                       ;
; C:/learning/ALC/Top_HD_LogoInsert/simulation/modelsim/Top_HD_LogoInsert_7_1200mv_85c_v_slow.sdo  ;
; C:/learning/ALC/Top_HD_LogoInsert/simulation/modelsim/Top_HD_LogoInsert_7_1200mv_0c_v_slow.sdo   ;
; C:/learning/ALC/Top_HD_LogoInsert/simulation/modelsim/Top_HD_LogoInsert_min_1200mv_0c_v_fast.sdo ;
; C:/learning/ALC/Top_HD_LogoInsert/simulation/modelsim/Top_HD_LogoInsert_v.sdo                    ;
+--------------------------------------------------------------------------------------------------+


+-----------------------------+
; EDA Netlist Writer Messages ;
+-----------------------------+
Info: *******************************************************************
Info: Running Quartus II EDA Netlist Writer
    Info: Version 9.1 Build 222 10/21/2009 SJ Full Version
    Info: Processing started: Thu May 16 11:48:16 2013
Info: Command: quartus_eda --read_settings_files=off --write_settings_files=off Top_HD_LogoInsert -c Top_HD_LogoInsert
Info: Generated file Top_HD_LogoInsert_7_1200mv_85c_slow.vo in folder "C:/learning/ALC/Top_HD_LogoInsert/simulation/modelsim/" for EDA simulation tool
Info: Generated file Top_HD_LogoInsert_7_1200mv_0c_slow.vo in folder "C:/learning/ALC/Top_HD_LogoInsert/simulation/modelsim/" for EDA simulation tool
Info: Generated file Top_HD_LogoInsert_min_1200mv_0c_fast.vo in folder "C:/learning/ALC/Top_HD_LogoInsert/simulation/modelsim/" for EDA simulation tool
Info: Generated file Top_HD_LogoInsert.vo in folder "C:/learning/ALC/Top_HD_LogoInsert/simulation/modelsim/" for EDA simulation tool
Warning: Double data rate (DDR) timing delays reported by third party timing simulation are preliminary. Run the TimeQuest Timing Analyzer for analyzing delays on paths through the DDR.
Info: Generated file Top_HD_LogoInsert_7_1200mv_85c_v_slow.sdo in folder "C:/learning/ALC/Top_HD_LogoInsert/simulation/modelsim/" for EDA simulation tool
Warning: Double data rate (DDR) timing delays reported by third party timing simulation are preliminary. Run the TimeQuest Timing Analyzer for analyzing delays on paths through the DDR.
Info: Generated file Top_HD_LogoInsert_7_1200mv_0c_v_slow.sdo in folder "C:/learning/ALC/Top_HD_LogoInsert/simulation/modelsim/" for EDA simulation tool
Warning: Double data rate (DDR) timing delays reported by third party timing simulation are preliminary. Run the TimeQuest Timing Analyzer for analyzing delays on paths through the DDR.
Info: Generated file Top_HD_LogoInsert_min_1200mv_0c_v_fast.sdo in folder "C:/learning/ALC/Top_HD_LogoInsert/simulation/modelsim/" for EDA simulation tool
Warning: Double data rate (DDR) timing delays reported by third party timing simulation are preliminary. Run the TimeQuest Timing Analyzer for analyzing delays on paths through the DDR.
Info: Generated file Top_HD_LogoInsert_v.sdo in folder "C:/learning/ALC/Top_HD_LogoInsert/simulation/modelsim/" for EDA simulation tool
Info: Quartus II EDA Netlist Writer was successful. 0 errors, 4 warnings
    Info: Peak virtual memory: 312 megabytes
    Info: Processing ended: Thu May 16 11:48:49 2013
    Info: Elapsed time: 00:00:33
    Info: Total CPU time (on all processors): 00:00:35


